<?xml version="1.0" encoding="UTF-8"?>
<testng-results ignored="0" total="2" passed="2" failed="0" skipped="0">
  <reporter-output>
  </reporter-output>
  <suite started-at="2023-12-21T16:16:48 IST" name="Suite" finished-at="2023-12-21T16:17:41 IST" duration-ms="52308">
    <groups>
    </groups>
    <test started-at="2023-12-21T16:16:48 IST" name="Test" finished-at="2023-12-21T16:17:41 IST" duration-ms="52308">
      <class name="com.quiz_app.testcases.QuizAppTest">
        <test-method is-config="true" signature="startAppiumServer()[pri:0, instance:com.quiz_app.testcases.QuizAppTest@eb6449b]" started-at="2023-12-21T16:16:48 IST" name="startAppiumServer" finished-at="2023-12-21T16:16:48 IST" duration-ms="405" status="PASS">
          <reporter-output>
          </reporter-output>
        </test-method> <!-- startAppiumServer -->
        <test-method is-config="true" signature="setUp()[pri:0, instance:com.quiz_app.testcases.QuizAppTest@eb6449b]" started-at="2023-12-21T16:16:48 IST" name="setUp" finished-at="2023-12-21T16:17:04 IST" duration-ms="15240" status="PASS">
          <reporter-output>
          </reporter-output>
        </test-method> <!-- setUp -->
        <test-method signature="verifyMathQuiz()[pri:1, instance:com.quiz_app.testcases.QuizAppTest@eb6449b]" started-at="2023-12-21T16:17:04 IST" name="verifyMathQuiz" finished-at="2023-12-21T16:17:20 IST" duration-ms="15958" status="PASS">
          <reporter-output>
          </reporter-output>
        </test-method> <!-- verifyMathQuiz -->
        <test-method signature="verifyScienceQuiz()[pri:2, instance:com.quiz_app.testcases.QuizAppTest@eb6449b]" started-at="2023-12-21T16:17:20 IST" name="verifyScienceQuiz" finished-at="2023-12-21T16:17:40 IST" duration-ms="20203" status="PASS">
          <reporter-output>
          </reporter-output>
        </test-method> <!-- verifyScienceQuiz -->
        <test-method is-config="true" signature="tearDown()[pri:0, instance:com.quiz_app.testcases.QuizAppTest@eb6449b]" started-at="2023-12-21T16:17:40 IST" name="tearDown" finished-at="2023-12-21T16:17:41 IST" duration-ms="463" status="PASS">
          <reporter-output>
          </reporter-output>
        </test-method> <!-- tearDown -->
        <test-method is-config="true" signature="stopAppiumServer()[pri:0, instance:com.quiz_app.testcases.QuizAppTest@eb6449b]" started-at="2023-12-21T16:17:41 IST" name="stopAppiumServer" finished-at="2023-12-21T16:17:41 IST" duration-ms="61" status="PASS">
          <reporter-output>
          </reporter-output>
        </test-method> <!-- stopAppiumServer -->
      </class> <!-- com.quiz_app.testcases.QuizAppTest -->
    </test> <!-- Test -->
  </suite> <!-- Suite -->
</testng-results>
